time="2023-03-05T11:56:09.9579923+07:00" level=error msg="Key: 'ReqSignUp.FullName' Error:Field validation for 'FullName' failed on the 'required' tag\nKey: 'ReqSignUp.Email' Error:Field validation for 'Email' failed on the 'required' tag\nKey: 'ReqSignUp.Password' Error:Field validation for 'Password' failed on the 'required' tag" file="E:/Workspace/BE/go/backend-github-trending/handler/user_handler.go" line=47
time="2023-03-05T12:00:08.2435116+07:00" level=error msg="pq: syntax error at or near \"user\"" file="E:/Workspace/BE/go/backend-github-trending/repository/repo_impl/user_repo_impl.go" line=35
time="2023-03-05T12:16:10.5776892+07:00" level=error msg="pq: duplicate key value violates unique constraint \"users_email_key\"" file="E:/Workspace/BE/go/backend-github-trending/repository/repo_impl/user_repo_impl.go" line=35
time="2023-03-05T12:28:23.368261+07:00" level=error msg="Key: 'ReqSignUp.FullName' Error:Field validation for 'FullName' failed on the 'required' tag" file="E:/Workspace/BE/go/backend-github-trending/handler/user_handler.go" line=47
time="2023-03-05T12:28:38.2166184+07:00" level=error msg="Key: 'ReqSignUp.FullName' Error:Field validation for 'FullName' failed on the 'required' tag" file="E:/Workspace/BE/go/backend-github-trending/handler/user_handler.go" line=47
time="2023-03-05T17:24:47.649363+07:00" level=error msg="pq: syntax error at or near \"bob\"" file="E:/Workspace/BE/go/backend-github-trending/repository/repo_impl/user_repo_impl.go" line=59
time="2023-03-05T17:36:43.6642262+07:00" level=error msg="code=400, message=EOF, internal=EOF" file="E:/Workspace/BE/go/backend-github-trending/handler/user_handler.go" line=86
time="2023-03-05T17:39:11.5928782+07:00" level=error msg="code=400, message=EOF, internal=EOF" file="E:/Workspace/BE/go/backend-github-trending/handler/user_handler.go" line=86
time="2023-03-05T17:40:23.9210745+07:00" level=error msg="code=400, message=EOF, internal=EOF" file="E:/Workspace/BE/go/backend-github-trending/handler/user_handler.go" line=86
time="2023-03-05T17:41:19.8313754+07:00" level=error msg="code=400, message=EOF, internal=EOF" file="E:/Workspace/BE/go/backend-github-trending/handler/user_handler.go" line=86
time="2023-03-05T17:41:59.7694823+07:00" level=error msg="code=400, message=EOF, internal=EOF" file="E:/Workspace/BE/go/backend-github-trending/handler/user_handler.go" line=86
time="2023-03-05T17:46:25.3702107+07:00" level=error msg="code=400, message=EOF, internal=EOF" file="E:/Workspace/BE/go/backend-github-trending/handler/user_handler.go" line=86
time="2023-03-05T17:46:28.508013+07:00" level=error msg="code=400, message=EOF, internal=EOF" file="E:/Workspace/BE/go/backend-github-trending/handler/user_handler.go" line=86
time="2023-03-05T17:47:47.9780906+07:00" level=error msg="Key: 'ReqSignIN.Email' Error:Field validation for 'Email' failed on the 'required' tag\nKey: 'ReqSignIN.Password' Error:Field validation for 'Password' failed on the 'required' tag" file="E:/Workspace/BE/go/backend-github-trending/handler/user_handler.go" line=97
time="2023-03-05T17:48:02.5889048+07:00" level=error msg="Key: 'ReqSignIN.Email' Error:Field validation for 'Email' failed on the 'required' tag\nKey: 'ReqSignIN.Password' Error:Field validation for 'Password' failed on the 'required' tag" file="E:/Workspace/BE/go/backend-github-trending/handler/user_handler.go" line=97
time="2023-03-05T17:48:25.5925575+07:00" level=error msg="Key: 'ReqSignIN.Email' Error:Field validation for 'Email' failed on the 'required' tag\nKey: 'ReqSignIN.Password' Error:Field validation for 'Password' failed on the 'required' tag" file="E:/Workspace/BE/go/backend-github-trending/handler/user_handler.go" line=97
time="2023-03-05T17:48:42.9410383+07:00" level=error msg="code=400, message=EOF, internal=EOF" file="E:/Workspace/BE/go/backend-github-trending/handler/user_handler.go" line=86
time="2023-03-05T17:48:55.0687178+07:00" level=error msg="code=400, message=EOF, internal=EOF" file="E:/Workspace/BE/go/backend-github-trending/handler/user_handler.go" line=86
time="2023-03-05T17:49:19.3128805+07:00" level=error msg="pq: duplicate key value violates unique constraint \"users_email_key\"" file="E:/Workspace/BE/go/backend-github-trending/repository/repo_impl/user_repo_impl.go" line=37
time="2023-03-05T17:50:30.4366425+07:00" level=error msg="code=400, message=EOF, internal=EOF" file="E:/Workspace/BE/go/backend-github-trending/handler/user_handler.go" line=86
time="2023-03-05T17:50:38.9033023+07:00" level=error msg="code=400, message=EOF, internal=EOF" file="E:/Workspace/BE/go/backend-github-trending/handler/user_handler.go" line=86
time="2023-03-05T17:53:19.6866601+07:00" level=error msg="Key: 'ReqSignIN.Email' Error:Field validation for 'Email' failed on the 'required' tag\nKey: 'ReqSignIN.Password' Error:Field validation for 'Password' failed on the 'required' tag" file="E:/Workspace/BE/go/backend-github-trending/handler/user_handler.go" line=97
time="2023-03-05T17:58:11.6516871+07:00" level=error msg="Key: 'ReqSignIn.Email' Error:Field validation for 'Email' failed on the 'required' tag\nKey: 'ReqSignIn.Password' Error:Field validation for 'Password' failed on the 'required' tag" file="E:/Workspace/BE/go/backend-github-trending/handler/user_handler.go" line=97
time="2023-03-05T17:58:34.8535452+07:00" level=error msg="Key: 'ReqSignIn.Email' Error:Field validation for 'Email' failed on the 'required' tag\nKey: 'ReqSignIn.Password' Error:Field validation for 'Password' failed on the 'required' tag" file="E:/Workspace/BE/go/backend-github-trending/handler/user_handler.go" line=97
time="2023-03-05T17:59:15.9030614+07:00" level=error msg="Key: 'ReqSignIn.Email' Error:Field validation for 'Email' failed on the 'required' tag\nKey: 'ReqSignIn.Password' Error:Field validation for 'Password' failed on the 'required' tag" file="E:/Workspace/BE/go/backend-github-trending/handler/user_handler.go" line=97
time="2023-03-05T17:59:33.451783+07:00" level=error msg="Key: 'ReqSignIn.Email' Error:Field validation for 'Email' failed on the 'required' tag\nKey: 'ReqSignIn.Password' Error:Field validation for 'Password' failed on the 'required' tag" file="E:/Workspace/BE/go/backend-github-trending/handler/user_handler.go" line=97
time="2023-03-05T17:59:39.7235746+07:00" level=error msg="Key: 'ReqSignIn.Email' Error:Field validation for 'Email' failed on the 'required' tag\nKey: 'ReqSignIn.Password' Error:Field validation for 'Password' failed on the 'required' tag" file="E:/Workspace/BE/go/backend-github-trending/handler/user_handler.go" line=97
time="2023-03-05T19:30:20.2297692+07:00" level=error msg="key is of invalid type" file="E:/Workspace/BE/go/backend-github-trending/handler/user_handler.go" line=140
time="2023-03-05T20:19:09.3513541+07:00" level=error msg="pq: duplicate key value violates unique constraint \"users_email_key\"" file="E:/Workspace/BE/go/backend-github-trending/repository/repo_impl/user_repo_impl.go" line=37
time="2023-03-05T20:30:49.4391582+07:00" level=error msg="Mật khẩu tối thiểu 8 kí tự" file="E:/Workspace/BE/go/backend-github-trending/handler/user_handler.go" line=39
time="2023-03-05T20:33:27.967713+07:00" level=error msg="Email không hợp lệ \n Mật khẩu tối thiểu 8 kí tự" file="E:/Workspace/BE/go/backend-github-trending/handler/user_handler.go" line=39
time="2023-03-05T20:33:44.6723919+07:00" level=error msg="Email không hợp lệ \n Mật khẩu tối thiểu 8 kí tự" file="E:/Workspace/BE/go/backend-github-trending/handler/user_handler.go" line=39
time="2023-03-05T20:34:09.2998401+07:00" level=error msg="Email là bắt buộc \n Mật khẩu tối thiểu 8 kí tự" file="E:/Workspace/BE/go/backend-github-trending/handler/user_handler.go" line=39
time="2023-03-05T20:34:16.1748952+07:00" level=error msg="Mật khẩu tối thiểu 8 kí tự" file="E:/Workspace/BE/go/backend-github-trending/handler/user_handler.go" line=39
time="2023-03-05T20:35:54.2629077+07:00" level=error msg="code=400, message=Syntax error: offset=33, error=invalid character '/' looking for beginning of object key string, internal=invalid character '/' looking for beginning of object key string" file="E:/Workspace/BE/go/backend-github-trending/handler/user_handler.go" line=29
time="2023-03-05T20:36:24.1291391+07:00" level=error msg="Mật khẩu tối thiểu 8 kí tự" file="E:/Workspace/BE/go/backend-github-trending/handler/user_handler.go" line=39
time="2023-03-05T20:36:36.2999454+07:00" level=error msg="code=400, message=Syntax error: offset=33, error=invalid character '/' looking for beginning of object key string, internal=invalid character '/' looking for beginning of object key string" file="E:/Workspace/BE/go/backend-github-trending/handler/user_handler.go" line=29
time="2023-03-05T20:36:48.1457471+07:00" level=error msg="Mật khẩu tối thiểu 8 kí tự" file="E:/Workspace/BE/go/backend-github-trending/handler/user_handler.go" line=39
time="2023-03-05T21:07:39.51991+07:00" level=error msg="Email không hợp lệ \n Mật khẩu tối thiểu 8 kí tự" file="E:/Workspace/BE/go/backend-github-trending/handler/user_handler.go" line=39
time="2023-03-05T21:07:46.5998892+07:00" level=error msg="code=400, message=Syntax error: offset=8, error=invalid character '/' looking for beginning of object key string, internal=invalid character '/' looking for beginning of object key string" file="E:/Workspace/BE/go/backend-github-trending/handler/user_handler.go" line=29
time="2023-03-05T21:07:52.6849164+07:00" level=error msg="Email là bắt buộc \n Mật khẩu tối thiểu 8 kí tự" file="E:/Workspace/BE/go/backend-github-trending/handler/user_handler.go" line=39
time="2023-03-05T22:54:23.3201617+07:00" level=error msg="Mật khẩu tối thiểu 8 kí tự" file="E:/Workspace/BE/go/backend-github-trending/handler/user_handler.go" line=109
